[08-Feb-2018 08:57:31 Europe/Paris] PHP Parse error:  syntax error, unexpected '"><br>';' (T_CONSTANT_ENCAPSED_STRING), expecting ',' or ';' in /home/UNIV-LYON1/p1716228/public_html/TP2/index.php on line 20
[08-Feb-2018 08:57:55 Europe/Paris] PHP Warning:  require_once(fonctions.php): failed to open stream: No such file or directory in /home/UNIV-LYON1/p1716228/public_html/TP2/index.php on line 2
[08-Feb-2018 08:57:55 Europe/Paris] PHP Fatal error:  require_once(): Failed opening required 'fonctions.php' (include_path='.:/usr/share/php:/usr/share/pear') in /home/UNIV-LYON1/p1716228/public_html/TP2/index.php on line 2
[08-Feb-2018 09:21:30 Europe/Paris] PHP Parse error:  syntax error, unexpected '-', expecting variable (T_VARIABLE) or '$' in /home/UNIV-LYON1/p1716228/public_html/TP2/index.php on line 19
[08-Feb-2018 09:21:50 Europe/Paris] PHP Warning:  require_once(fonctions.php): failed to open stream: No such file or directory in /home/UNIV-LYON1/p1716228/public_html/TP2/index.php on line 2
[08-Feb-2018 09:21:50 Europe/Paris] PHP Fatal error:  require_once(): Failed opening required 'fonctions.php' (include_path='.:/usr/share/php:/usr/share/pear') in /home/UNIV-LYON1/p1716228/public_html/TP2/index.php on line 2
[08-Feb-2018 09:44:41 Europe/Paris] PHP Parse error:  syntax error, unexpected 'miser' (T_STRING), expecting ',' or ';' in /home/UNIV-LYON1/p1716228/public_html/TP2/roulette.php on line 13
[08-Feb-2018 09:45:08 Europe/Paris] PHP Parse error:  syntax error, unexpected 'miser' (T_STRING), expecting ',' or ';' in /home/UNIV-LYON1/p1716228/public_html/TP2/roulette.php on line 13
[08-Feb-2018 09:45:11 Europe/Paris] PHP Parse error:  syntax error, unexpected 'miser' (T_STRING), expecting ',' or ';' in /home/UNIV-LYON1/p1716228/public_html/TP2/roulette.php on line 13
[08-Feb-2018 09:45:18 Europe/Paris] PHP Parse error:  syntax error, unexpected 'miser' (T_STRING), expecting ',' or ';' in /home/UNIV-LYON1/p1716228/public_html/TP2/roulette.php on line 13
[08-Feb-2018 09:55:03 Europe/Paris] PHP Parse error:  syntax error, unexpected 'echo' (T_ECHO), expecting ',' or ';' in /home/UNIV-LYON1/p1716228/public_html/TP2/resultat.php on line 13
[28-Feb-2018 12:24:28 Europe/Paris] PHP Parse error:  syntax error, unexpected 'echo' (T_ECHO) in /home/UNIV-LYON1/p1716228/public_html/roulettePHP/resultat.php on line 26
[28-Feb-2018 12:29:23 Europe/Paris] PHP Parse error:  syntax error, unexpected 'echo' (T_ECHO) in /home/UNIV-LYON1/p1716228/public_html/roulettePHP/resultat.php on line 30
[28-Feb-2018 12:29:37 Europe/Paris] PHP Parse error:  syntax error, unexpected 'echo' (T_ECHO), expecting '{' in /home/UNIV-LYON1/p1716228/public_html/roulettePHP/resultat.php on line 50
[28-Feb-2018 12:31:36 Europe/Paris] PHP Parse error:  syntax error, unexpected 'echo' (T_ECHO), expecting '{' in /home/UNIV-LYON1/p1716228/public_html/roulettePHP/resultat.php on line 50
[28-Feb-2018 12:32:31 Europe/Paris] PHP Notice:  Undefined index: mise in /home/UNIV-LYON1/p1716228/public_html/roulettePHP/resultat.php on line 12
[28-Feb-2018 12:32:31 Europe/Paris] PHP Notice:  Undefined index: mise in /home/UNIV-LYON1/p1716228/public_html/roulettePHP/resultat.php on line 28
[28-Feb-2018 12:32:31 Europe/Paris] PHP Notice:  Undefined index: mise in /home/UNIV-LYON1/p1716228/public_html/roulettePHP/resultat.php on line 30
[28-Feb-2018 12:32:31 Europe/Paris] PHP Notice:  Undefined index: choixMise in /home/UNIV-LYON1/p1716228/public_html/roulettePHP/resultat.php on line 32
[28-Feb-2018 12:32:31 Europe/Paris] PHP Notice:  Undefined index: choixMise in /home/UNIV-LYON1/p1716228/public_html/roulettePHP/resultat.php on line 36
[28-Feb-2018 12:32:31 Europe/Paris] PHP Notice:  Undefined index: choixMise in /home/UNIV-LYON1/p1716228/public_html/roulettePHP/resultat.php on line 43
[28-Feb-2018 12:34:15 Europe/Paris] PHP Notice:  Undefined variable: mise in /home/UNIV-LYON1/p1716228/public_html/roulettePHP/resultat.php on line 56
[28-Feb-2018 13:05:18 Europe/Paris] PHP Notice:  Undefined variable: gain in /home/UNIV-LYON1/p1716228/public_html/roulettePHP/resultat.php on line 15
[28-Feb-2018 13:05:22 Europe/Paris] PHP Notice:  Undefined variable: gain in /home/UNIV-LYON1/p1716228/public_html/roulettePHP/resultat.php on line 15
[28-Feb-2018 13:05:23 Europe/Paris] PHP Notice:  Undefined variable: gain in /home/UNIV-LYON1/p1716228/public_html/roulettePHP/resultat.php on line 15
[28-Feb-2018 13:05:26 Europe/Paris] PHP Notice:  Undefined variable: gain in /home/UNIV-LYON1/p1716228/public_html/roulettePHP/resultat.php on line 15
[28-Feb-2018 13:07:28 Europe/Paris] PHP Notice:  Undefined variable: gain in /home/UNIV-LYON1/p1716228/public_html/roulettePHP/resultat.php on line 15
[28-Feb-2018 13:23:45 Europe/Paris] PHP Notice:  Undefined variable: gain in /home/UNIV-LYON1/p1716228/public_html/roulettePHP/resultat.php on line 15
[28-Feb-2018 13:26:54 Europe/Paris] PHP Notice:  Undefined variable: gain in /home/UNIV-LYON1/p1716228/public_html/roulettePHP/resultat.php on line 15
[28-Feb-2018 13:27:04 Europe/Paris] PHP Notice:  Undefined variable: gain in /home/UNIV-LYON1/p1716228/public_html/roulettePHP/resultat.php on line 15
[28-Feb-2018 13:49:54 Europe/Paris] PHP Notice:  Undefined variable: gain in /home/UNIV-LYON1/p1716228/public_html/roulettePHP/resultat.php on line 16
[28-Feb-2018 13:51:51 Europe/Paris] PHP Notice:  Undefined variable: gain in /home/UNIV-LYON1/p1716228/public_html/roulettePHP/resultat.php on line 19
[28-Feb-2018 13:54:16 Europe/Paris] PHP Notice:  Undefined variable: gain in /home/UNIV-LYON1/p1716228/public_html/roulettePHP/resultat.php on line 78
[28-Feb-2018 14:50:04 Europe/Paris] PHP Notice:  Undefined index: username in /home/UNIV-LYON1/p1716228/public_html/roulettePHP/AvantPOO/roulette.php on line 44
[28-Feb-2018 14:50:04 Europe/Paris] PHP Notice:  Undefined index: money in /home/UNIV-LYON1/p1716228/public_html/roulettePHP/AvantPOO/roulette.php on line 46
[28-Feb-2018 14:51:05 Europe/Paris] PHP Notice:  Undefined variable: gain in /home/UNIV-LYON1/p1716228/public_html/roulettePHP/AvantPOO/resultat.php on line 78
[28-Feb-2018 14:55:35 Europe/Paris] PHP Notice:  Undefined index: username in /home/UNIV-LYON1/p1716228/public_html/roulettePHP/AvantPOO/roulette.php on line 44
[28-Feb-2018 14:55:35 Europe/Paris] PHP Notice:  Undefined index: money in /home/UNIV-LYON1/p1716228/public_html/roulettePHP/AvantPOO/roulette.php on line 46
[28-Feb-2018 14:55:36 Europe/Paris] PHP Notice:  Undefined index: money in /home/UNIV-LYON1/p1716228/public_html/roulettePHP/AvantPOO/resultat.php on line 13
[28-Feb-2018 14:55:36 Europe/Paris] PHP Notice:  Undefined index: mise in /home/UNIV-LYON1/p1716228/public_html/roulettePHP/AvantPOO/resultat.php on line 13
[28-Feb-2018 14:55:36 Europe/Paris] PHP Notice:  Undefined index: mise in /home/UNIV-LYON1/p1716228/public_html/roulettePHP/AvantPOO/resultat.php on line 31
[28-Feb-2018 14:55:36 Europe/Paris] PHP Notice:  Undefined index: choixMise in /home/UNIV-LYON1/p1716228/public_html/roulettePHP/AvantPOO/resultat.php on line 31
[28-Feb-2018 14:55:36 Europe/Paris] PHP Notice:  Undefined index: choixMise in /home/UNIV-LYON1/p1716228/public_html/roulettePHP/AvantPOO/resultat.php on line 33
[28-Feb-2018 14:55:36 Europe/Paris] PHP Notice:  Undefined index: choixMise in /home/UNIV-LYON1/p1716228/public_html/roulettePHP/AvantPOO/resultat.php on line 37
[28-Feb-2018 14:55:36 Europe/Paris] PHP Notice:  Undefined index: choixMise in /home/UNIV-LYON1/p1716228/public_html/roulettePHP/AvantPOO/resultat.php on line 44
[28-Feb-2018 14:55:36 Europe/Paris] PHP Notice:  Undefined index: username in /home/UNIV-LYON1/p1716228/public_html/roulettePHP/AvantPOO/roulette.php on line 44
[28-Feb-2018 14:55:36 Europe/Paris] PHP Notice:  Undefined index: username in /home/UNIV-LYON1/p1716228/public_html/roulettePHP/AvantPOO/roulette.php on line 44
